<?xml version="1.0" encoding="UTF-8"?>
<testng-results ignored="0" total="2" passed="2" failed="0" skipped="0">
  <reporter-output>
  </reporter-output>
  <suite started-at="2020-12-16T05:08:17 IST" name="nopCommerceV2" finished-at="2020-12-16T05:09:18 IST" duration-ms="60760">
    <groups>
    </groups>
    <test started-at="2020-12-16T05:08:17 IST" name="Test1" finished-at="2020-12-16T05:09:18 IST" duration-ms="60760">
      <class name="com.nopCommerceV2.testCases.TC_LoginTest_001">
        <test-method is-config="true" signature="setup(java.lang.String)[pri:0, instance:com.nopCommerceV2.testCases.TC_LoginTest_001@33b37288]" started-at="2020-12-16T05:08:17 IST" name="setup" finished-at="2020-12-16T05:08:22 IST" duration-ms="4378" status="PASS">
          <params>
            <param index="0">
              <value>
                <![CDATA[chrome]]>
              </value>
            </param>
          </params>
          <reporter-output>
          </reporter-output>
        </test-method> <!-- setup -->
        <test-method signature="loginTest()[pri:0, instance:com.nopCommerceV2.testCases.TC_LoginTest_001@33b37288]" started-at="2020-12-16T05:08:22 IST" name="loginTest" finished-at="2020-12-16T05:08:41 IST" duration-ms="19495" status="PASS">
          <reporter-output>
          </reporter-output>
        </test-method> <!-- loginTest -->
        <test-method is-config="true" signature="TearDown()[pri:0, instance:com.nopCommerceV2.testCases.TC_LoginTest_001@33b37288]" started-at="2020-12-16T05:08:41 IST" name="TearDown" finished-at="2020-12-16T05:08:42 IST" duration-ms="856" status="PASS">
          <reporter-output>
          </reporter-output>
        </test-method> <!-- TearDown -->
      </class> <!-- com.nopCommerceV2.testCases.TC_LoginTest_001 -->
      <class name="com.nopCommerceV2.testCases.TC_AddCustomerTest_003">
        <test-method is-config="true" signature="setup(java.lang.String)[pri:0, instance:com.nopCommerceV2.testCases.TC_AddCustomerTest_003@77a57272]" started-at="2020-12-16T05:08:42 IST" name="setup" finished-at="2020-12-16T05:08:45 IST" duration-ms="2721" status="PASS">
          <params>
            <param index="0">
              <value>
                <![CDATA[chrome]]>
              </value>
            </param>
          </params>
          <reporter-output>
          </reporter-output>
        </test-method> <!-- setup -->
        <test-method signature="addNewCustomer()[pri:0, instance:com.nopCommerceV2.testCases.TC_AddCustomerTest_003@77a57272]" started-at="2020-12-16T05:08:45 IST" name="addNewCustomer" finished-at="2020-12-16T05:09:17 IST" duration-ms="32048" status="PASS">
          <reporter-output>
          </reporter-output>
        </test-method> <!-- addNewCustomer -->
        <test-method is-config="true" signature="TearDown()[pri:0, instance:com.nopCommerceV2.testCases.TC_AddCustomerTest_003@77a57272]" started-at="2020-12-16T05:09:17 IST" name="TearDown" finished-at="2020-12-16T05:09:18 IST" duration-ms="839" status="PASS">
          <reporter-output>
          </reporter-output>
        </test-method> <!-- TearDown -->
      </class> <!-- com.nopCommerceV2.testCases.TC_AddCustomerTest_003 -->
    </test> <!-- Test1 -->
  </suite> <!-- nopCommerceV2 -->
</testng-results>
